#
# A fatal error has been detected by the Java Runtime Environment:
#
#  EXCEPTION_ACCESS_VIOLATION (0xc0000005) at pc=0x00000000770df059, pid=3748, tid=0x00000000000028e8
#
# JRE version: OpenJDK Runtime Environment (8.0_212-b04) (build 1.8.0_212-release-1586-b04)
# Java VM: OpenJDK 64-Bit Server VM (25.212-b04 mixed mode windows-amd64 compressed oops)
# Problematic frame:
# V  [jvm.dll+0x3bf059]
#
# Failed to write core dump. Minidumps are not enabled by default on client versions of Windows
#
# If you would like to submit a bug report, please visit:
#   
#

---------------  T H R E A D  ---------------

Current thread (0x000000000228a800):  GCTaskThread [stack: 0x0000000011e40000,0x0000000011f40000] [id=10472]

siginfo: ExceptionCode=0xc0000005, reading address 0x0000000000000120

Registers:
RAX=0x0000000000000000, RBX=0x000000001177de53, RCX=0x0000000100b48310, RDX=0x0000000015ca4300
RSP=0x0000000011f3f5a0, RBP=0x000000001177de81, RSI=0x00000000a9bca600, RDI=0x00000000a9bc9118
R8 =0x00000000a9bc9118, R9 =0x0000000100b48310, R10=0x000000000000000c, R11=0x000000000000000c
R12=0x000000001177de01, R13=0x0000000015ca4300, R14=0x00000000022827e0, R15=0x000000000000000c
RIP=0x00000000770df059, EFLAGS=0x0000000000010207

Top of Stack: (sp=0x0000000011f3f5a0)
0x0000000011f3f5a0:   000000001177de53 00000000a9bca600
0x0000000011f3f5b0:   00000000a9bca600 00000000a9b800f5
0x0000000011f3f5c0:   000000001177de00 000000001179f2f2
0x0000000011f3f5d0:   0000000000000200 0000000000000000
0x0000000011f3f5e0:   0000000002270350 000000000227ea20
0x0000000011f3f5f0:   00000000773392a8 0000000000000000
0x0000000011f3f600:   0000000000000000 0000000015bb6450
0x0000000011f3f610:   000000000228ae30 000000000228ae20
0x0000000011f3f620:   0000000015ca4300 00000000770f1a42
0x0000000011f3f630:   000000001177de00 00000000022829a0
0x0000000011f3f640:   00000000a9bd0000 00000000ade5e338
0x0000000011f3f650:   0000000015ca4300 0000000000000000
0x0000000011f3f660:   0000000000000004 0000000002285530
0x0000000011f3f670:   0000000015bb6450 00000000770e0a0e
0x0000000011f3f680:   000000000228a800 0000000000000000
0x0000000011f3f690:   0000000000000000 0000000000000000 

Instructions: (pc=0x00000000770df059)
0x00000000770df039:   d3 16 3a 00 eb 04 4c 8b 4f 08 41 81 79 08 00 00
0x00000000770df049:   00 c0 73 12 49 8b 01 4c 8b c7 49 8b d5 49 8b c9
0x00000000770df059:   ff 90 20 01 00 00 80 3d 0b 0e 40 00 00 74 16 44
0x00000000770df069:   8b 47 08 8b 0d a6 16 3a 00 49 d3 e0 4c 03 05 94 


Register to memory mapping:

RAX=0x0000000000000000 is an unknown value
RBX=0x000000001177de53 is an unknown value
RCX=0x0000000100b48310 is pointing into metadata
RDX=0x0000000015ca4300 is an unknown value
RSP=0x0000000011f3f5a0 is an unknown value
RBP=0x000000001177de81 is an unknown value
RSI=0x00000000a9bca600 is pointing into object: 0x00000000a9bca5c8
com.android.tools.r8.graph.a0 
 - klass: 'com/android/tools/r8/graph/a0'
RDI=
[error occurred during error reporting (printing register info), id 0xc0000005]

Stack: [0x0000000011e40000,0x0000000011f40000],  sp=0x0000000011f3f5a0,  free space=1021k
Native frames: (J=compiled Java code, j=interpreted, Vv=VM code, C=native code)
V  [jvm.dll+0x3bf059]
V  [jvm.dll+0x3d1a42]
V  [jvm.dll+0x3c0a0e]
V  [jvm.dll+0x26f53a]
C  [msvcr100.dll+0x21d9f]
C  [msvcr100.dll+0x21e3b]
C  [KERNEL32.DLL+0x17bd4]
C  [ntdll.dll+0x6ce51]


---------------  P R O C E S S  ---------------

Java Threads: ( => current thread )
  0x0000000018a2f000 JavaThread "WorkerExecutor Queue Thread 2" [_thread_blocked, id=9728, stack(0x0000000024350000,0x0000000024450000)]
  0x0000000018a27800 JavaThread "stdout" [_thread_in_native, id=4100, stack(0x0000000024250000,0x0000000024350000)]
  0x0000000018a2e800 JavaThread "stderr" [_thread_in_native, id=15080, stack(0x0000000023f50000,0x0000000024050000)]
  0x0000000018a2c000 JavaThread "pool-42-thread-1" [_thread_blocked, id=15164, stack(0x0000000023e50000,0x0000000023f50000)]
  0x0000000018a2d000 JavaThread "WorkerExecutor Queue" [_thread_blocked, id=4464, stack(0x0000000023d50000,0x0000000023e50000)]
  0x0000000018a25800 JavaThread "Cache worker for execution history cache (D:\workspace\d2dfc\.gradle\5.6.4\executionHistory)" [_thread_blocked, id=12964, stack(0x0000000023a50000,0x0000000023b50000)]
  0x0000000018a2b800 JavaThread "Execution worker for ':' Thread 3" [_thread_blocked, id=2152, stack(0x0000000023950000,0x0000000023a50000)]
  0x0000000018a2a800 JavaThread "Execution worker for ':' Thread 2" [_thread_blocked, id=724, stack(0x0000000023850000,0x0000000023950000)]
  0x0000000018a2a000 JavaThread "Execution worker for ':'" [_thread_blocked, id=1988, stack(0x0000000023750000,0x0000000023850000)]
  0x0000000018a22800 JavaThread "Cache worker for file content cache (D:\workspace\d2dfc\.gradle\5.6.4\fileContent)" [_thread_blocked, id=15288, stack(0x00000000233b0000,0x00000000234b0000)]
  0x0000000018a23000 JavaThread "Cache worker for Build Output Cleanup Cache (D:\workspace\d2dfc\.gradle\buildOutputCleanup)" [_thread_blocked, id=4236, stack(0x00000000230b0000,0x00000000231b0000)]
  0x0000000018a27000 JavaThread "Build operations Thread 4" [_thread_blocked, id=12956, stack(0x00000000229b0000,0x0000000022ab0000)]
  0x0000000018a24800 JavaThread "Build operations Thread 3" [_thread_blocked, id=17304, stack(0x00000000216b0000,0x00000000217b0000)]
  0x0000000018a21800 JavaThread "Build operations Thread 2" [_thread_blocked, id=11432, stack(0x0000000021490000,0x0000000021590000)]
  0x0000000018a26000 JavaThread "Build operations" [_thread_blocked, id=12284, stack(0x0000000021390000,0x0000000021490000)]
  0x00000000182d1000 JavaThread "Cache worker for cache directory md-rule (C:\Users\user\.gradle\caches\5.6.4\md-rule)" [_thread_blocked, id=17708, stack(0x0000000021290000,0x0000000021390000)]
  0x00000000182d7000 JavaThread "Cache worker for cache directory md-supplier (C:\Users\user\.gradle\caches\5.6.4\md-supplier)" [_thread_blocked, id=2844, stack(0x0000000021190000,0x0000000021290000)]
  0x00000000182d6800 JavaThread "Cache worker for file hash cache (D:\workspace\d2dfc\.gradle\5.6.4\fileHashes)" [_thread_blocked, id=9140, stack(0x0000000021090000,0x0000000021190000)]
  0x00000000182d5000 JavaThread "Thread-428" [_thread_blocked, id=10036, stack(0x0000000020d80000,0x0000000020e80000)]
  0x00000000182d4000 JavaThread "Stdin handler" [_thread_blocked, id=7240, stack(0x000000001e1f0000,0x000000001e2f0000)]
  0x00000000182c9000 JavaThread "Asynchronous log dispatcher for DefaultDaemonConnection: socket connection from /127.0.0.1:52246 to /127.0.0.1:58405" [_thread_blocked, id=17032, stack(0x000000001de10000,0x000000001df10000)]
  0x00000000182cb000 JavaThread "Daemon worker Thread 16" [_thread_blocked, id=2828, stack(0x000000001b570000,0x000000001b670000)]
  0x00000000182c8000 JavaThread "Cancel handler" [_thread_blocked, id=8188, stack(0x000000001b270000,0x000000001b370000)]
  0x00000000182c9800 JavaThread "Handler for socket connection from /127.0.0.1:52246 to /127.0.0.1:58405" [_thread_in_native, id=5712, stack(0x000000001b170000,0x000000001b270000)]
  0x00000000182ce000 JavaThread "Daemon Thread 16" [_thread_blocked, id=14776, stack(0x000000001ae70000,0x000000001af70000)]
  0x00000000182cc000 JavaThread "Cache worker for Java compile cache (C:\Users\user\.gradle\caches\5.6.4\javaCompile)" [_thread_blocked, id=8068, stack(0x00000000292e0000,0x00000000293e0000)]
  0x0000000018a29000 JavaThread "MarlinRenderer Disposer" daemon [_thread_blocked, id=17804, stack(0x00000000249a0000,0x0000000024aa0000)]
  0x0000000018a24000 JavaThread "Java2D Disposer" daemon [_thread_blocked, id=7228, stack(0x0000000024770000,0x0000000024870000)]
  0x000000001bf11000 JavaThread "Cache worker for file content cache (C:\Users\user\.gradle\caches\5.6.4\fileContent)" [_thread_blocked, id=18088, stack(0x00000000228b0000,0x00000000229b0000)]
  0x000000001bf0f800 JavaThread "Memory manager" [_thread_blocked, id=2732, stack(0x00000000227b0000,0x00000000228b0000)]
  0x000000001bf06000 JavaThread "Cache worker for execution history cache (C:\Users\user\.gradle\caches\5.6.4\executionHistory)" [_thread_blocked, id=12268, stack(0x00000000215b0000,0x00000000216b0000)]
  0x0000000018b09000 JavaThread "Cache worker for journal cache (C:\Users\user\.gradle\caches\journal-1)" [_thread_blocked, id=8472, stack(0x000000001ba70000,0x000000001bb70000)]
  0x0000000018b08000 JavaThread "File lock request listener" [_thread_in_native, id=7452, stack(0x000000001b970000,0x000000001ba70000)]
  0x0000000018b06800 JavaThread "Cache worker for file hash cache (C:\Users\user\.gradle\caches\5.6.4\fileHashes)" [_thread_blocked, id=3628, stack(0x000000001b870000,0x000000001b970000)]
  0x000000001958d000 JavaThread "Daemon periodic checks" [_thread_blocked, id=9276, stack(0x000000001ac70000,0x000000001ad70000)]
  0x00000000189e5800 JavaThread "Incoming local TCP Connector on port 52246" [_thread_in_native, id=4116, stack(0x000000001aa30000,0x000000001ab30000)]
  0x0000000017a3b000 JavaThread "Daemon health stats" [_thread_blocked, id=10744, stack(0x000000001a3f0000,0x000000001a4f0000)]
  0x0000000017679800 JavaThread "Service Thread" daemon [_thread_blocked, id=11056, stack(0x0000000017a50000,0x0000000017b50000)]
  0x0000000015ced000 JavaThread "C1 CompilerThread2" daemon [_thread_blocked, id=2588, stack(0x0000000017550000,0x0000000017650000)]
  0x0000000015ce6800 JavaThread "C2 CompilerThread1" daemon [_thread_blocked, id=18076, stack(0x0000000017450000,0x0000000017550000)]
  0x0000000015ce3000 JavaThread "C2 CompilerThread0" daemon [_thread_blocked, id=9692, stack(0x0000000017350000,0x0000000017450000)]
  0x0000000015cdd000 JavaThread "Attach Listener" daemon [_thread_blocked, id=8408, stack(0x0000000017250000,0x0000000017350000)]
  0x0000000015cda000 JavaThread "Signal Dispatcher" daemon [_thread_blocked, id=3112, stack(0x0000000017150000,0x0000000017250000)]
  0x000000000236c000 JavaThread "Finalizer" daemon [_thread_blocked, id=17620, stack(0x0000000016f50000,0x0000000017050000)]
  0x0000000015cc9000 JavaThread "Reference Handler" daemon [_thread_blocked, id=8368, stack(0x0000000016e50000,0x0000000016f50000)]
  0x000000000082e000 JavaThread "main" [_thread_blocked, id=4660, stack(0x00000000020a0000,0x00000000021a0000)]

Other Threads:
  0x0000000015ca6800 VMThread [stack: 0x0000000016d50000,0x0000000016e50000] [id=19280]
  0x000000001767a000 WatcherThread [stack: 0x0000000017b50000,0x0000000017c50000] [id=6644]

=>0x000000000228a800 (exited) GCTaskThread [stack: 0x0000000011e40000,0x0000000011f40000] [id=10472]

VM state:at safepoint (normal execution)

VM Mutex/Monitor currently owned by a thread:  ([mutex/lock_event])
[0x000000000082d0b0] Threads_lock - owner thread: 0x0000000015ca6800
[0x000000000082d130] Heap_lock - owner thread: 0x0000000018a2d000

heap address: 0x00000000a0000000, size: 1536 MB, Compressed Oops mode: 32-bit
Narrow klass base: 0x0000000000000000, Narrow klass shift: 3
Compressed class space size: 1073741824 Address: 0x0000000100000000

Heap:
 PSYoungGen      total 389632K, used 389607K [0x00000000e0000000, 0x0000000100000000, 0x0000000100000000)
  eden space 293888K, 100% used [0x00000000e0000000,0x00000000f1f00000,0x00000000f1f00000)
  from space 95744K, 99% used [0x00000000f9980000,0x00000000ff6f9fb0,0x00000000ff700000)
  to   space 115200K, 6% used [0x00000000f1f00000,0x00000000f26dc0a0,0x00000000f8f80000)
 ParOldGen       total 285184K, used 238233K [0x00000000a0000000, 0x00000000b1680000, 0x00000000e0000000)
  object space 285184K, 83% used [0x00000000a0000000,0x00000000ae8a6708,0x00000000b1680000)
 Metaspace       used 97126K, capacity 103530K, committed 103768K, reserved 1140736K
  class space    used 12254K, capacity 13378K, committed 13400K, reserved 1048576K

Card table byte_map: [0x0000000011730000,0x0000000011a40000] byte_map_base: 0x0000000011230000

Marking Bits: (ParMarkBitMap*) 0x00000000774e9f30
 Begin Bits: [0x0000000012040000, 0x0000000013840000)
 End Bits:   [0x0000000013840000, 0x0000000015040000)

Polling page: 0x00000000001f0000

CodeCache: size=245760Kb used=73537Kb max_used=73559Kb free=172223Kb
 bounds [0x0000000002370000, 0x0000000006bd0000, 0x0000000011370000]
 total_blobs=21373 nmethods=20384 adapters=900
 compilation: enabled

Compilation events (10 events):
Event: 5311.278 Thread 0x0000000015ced000 27314       3       com.google.common.io.LineReader$1::handleLine (15 bytes)
Event: 5311.278 Thread 0x0000000015ced000 nmethod 27314 0x00000000026a78d0 code [0x00000000026a7a40, 0x00000000026a7c68]
Event: 5311.294 Thread 0x0000000015ce3000 nmethod 27311 0x0000000006b4a310 code [0x0000000006b4a900, 0x0000000006b4b7a0]
Event: 5311.483 Thread 0x0000000015ced000 27316       3       com.google.gson.internal.bind.ReflectiveTypeAdapterFactory::getBoundFields (295 bytes)
Event: 5311.494 Thread 0x0000000015ced000 nmethod 27316 0x0000000006ba8890 code [0x0000000006ba8ec0, 0x0000000006bad268]
Event: 5311.677 Thread 0x0000000015ce6800 nmethod 27279% 0x0000000006bb9490 code [0x0000000006bb9c40, 0x0000000006bc0578]
Event: 5311.712 Thread 0x0000000015ced000 27317       3       com.google.common.collect.CompactLinkedHashMap::getSuccessor (8 bytes)
Event: 5311.712 Thread 0x0000000015ced000 nmethod 27317 0x00000000029a6310 code [0x00000000029a6460, 0x00000000029a65d0]
Event: 5311.728 Thread 0x0000000015ced000 27318       3       java.util.HashSet::readObject (226 bytes)
Event: 5311.733 Thread 0x0000000015ced000 nmethod 27318 0x00000000047f2ed0 code [0x00000000047f3360, 0x00000000047f59b8]

GC Heap History (10 events):
Event: 3950.960 GC heap after
Heap after GC invocations=38 (full 4):
 PSYoungGen      total 415232K, used 61910K [0x00000000e0000000, 0x00000000ffd80000, 0x0000000100000000)
  eden space 311808K, 0% used [0x00000000e0000000,0x00000000e0000000,0x00000000f3080000)
  from space 103424K, 59% used [0x00000000f9880000,0x00000000fd4f5988,0x00000000ffd80000)
  to   space 104960K, 0% used [0x00000000f3080000,0x00000000f3080000,0x00000000f9700000)
 ParOldGen       total 285184K, used 206524K [0x00000000a0000000, 0x00000000b1680000, 0x00000000e0000000)
  object space 285184K, 72% used [0x00000000a0000000,0x00000000ac9af170,0x00000000b1680000)
 Metaspace       used 95753K, capacity 100770K, committed 100824K, reserved 1136640K
  class space    used 12048K, capacity 12998K, committed 13016K, reserved 1048576K
}
Event: 3955.074 GC heap before
{Heap before GC invocations=39 (full 4):
 PSYoungGen      total 415232K, used 371494K [0x00000000e0000000, 0x00000000ffd80000, 0x0000000100000000)
  eden space 311808K, 99% used [0x00000000e0000000,0x00000000f2e54198,0x00000000f3080000)
  from space 103424K, 59% used [0x00000000f9880000,0x00000000fd4f5988,0x00000000ffd80000)
  to   space 104960K, 0% used [0x00000000f3080000,0x00000000f3080000,0x00000000f9700000)
 ParOldGen       total 285184K, used 206524K [0x00000000a0000000, 0x00000000b1680000, 0x00000000e0000000)
  object space 285184K, 72% used [0x00000000a0000000,0x00000000ac9af170,0x00000000b1680000)
 Metaspace       used 95822K, capacity 100924K, committed 101080K, reserved 1136640K
  class space    used 12049K, capacity 12999K, committed 13016K, reserved 1048576K
Event: 3955.249 GC heap after
Heap after GC invocations=39 (full 4):
 PSYoungGen      total 416768K, used 54113K [0x00000000e0000000, 0x00000000ff980000, 0x0000000100000000)
  eden space 311808K, 0% used [0x00000000e0000000,0x00000000e0000000,0x00000000f3080000)
  from space 104960K, 51% used [0x00000000f3080000,0x00000000f6558668,0x00000000f9700000)
  to   space 100864K, 0% used [0x00000000f9700000,0x00000000f9700000,0x00000000ff980000)
 ParOldGen       total 285184K, used 206532K [0x00000000a0000000, 0x00000000b1680000, 0x00000000e0000000)
  object space 285184K, 72% used [0x00000000a0000000,0x00000000ac9b1170,0x00000000b1680000)
 Metaspace       used 95822K, capacity 100924K, committed 101080K, reserved 1136640K
  class space    used 12049K, capacity 12999K, committed 13016K, reserved 1048576K
}
Event: 4314.258 GC heap before
{Heap before GC invocations=40 (full 4):
 PSYoungGen      total 416768K, used 365921K [0x00000000e0000000, 0x00000000ff980000, 0x0000000100000000)
  eden space 311808K, 100% used [0x00000000e0000000,0x00000000f3080000,0x00000000f3080000)
  from space 104960K, 51% used [0x00000000f3080000,0x00000000f6558668,0x00000000f9700000)
  to   space 100864K, 0% used [0x00000000f9700000,0x00000000f9700000,0x00000000ff980000)
 ParOldGen       total 285184K, used 206532K [0x00000000a0000000, 0x00000000b1680000, 0x00000000e0000000)
  object space 285184K, 72% used [0x00000000a0000000,0x00000000ac9b1170,0x00000000b1680000)
 Metaspace       used 96906K, capacity 103300K, committed 103512K, reserved 1138688K
  class space    used 12251K, capacity 13373K, committed 13400K, reserved 1048576K
Event: 4315.736 GC heap after
Heap after GC invocations=40 (full 4):
 PSYoungGen      total 417792K, used 61990K [0x00000000e0000000, 0x00000000ffa00000, 0x0000000100000000)
  eden space 316928K, 0% used [0x00000000e0000000,0x00000000e0000000,0x00000000f3580000)
  from space 100864K, 61% used [0x00000000f9700000,0x00000000fd389ae8,0x00000000ff980000)
  to   space 99840K, 0% used [0x00000000f3580000,0x00000000f3580000,0x00000000f9700000)
 ParOldGen       total 285184K, used 206684K [0x00000000a0000000, 0x00000000b1680000, 0x00000000e0000000)
  object space 285184K, 72% used [0x00000000a0000000,0x00000000ac9d7170,0x00000000b1680000)
 Metaspace       used 96906K, capacity 103300K, committed 103512K, reserved 1138688K
  class space    used 12251K, capacity 13373K, committed 13400K, reserved 1048576K
}
Event: 4753.551 GC heap before
{Heap before GC invocations=41 (full 4):
 PSYoungGen      total 417792K, used 378918K [0x00000000e0000000, 0x00000000ffa00000, 0x0000000100000000)
  eden space 316928K, 100% used [0x00000000e0000000,0x00000000f3580000,0x00000000f3580000)
  from space 100864K, 61% used [0x00000000f9700000,0x00000000fd389ae8,0x00000000ff980000)
  to   space 99840K, 0% used [0x00000000f3580000,0x00000000f3580000,0x00000000f9700000)
 ParOldGen       total 285184K, used 206684K [0x00000000a0000000, 0x00000000b1680000, 0x00000000e0000000)
  object space 285184K, 72% used [0x00000000a0000000,0x00000000ac9d7170,0x00000000b1680000)
 Metaspace       used 96988K, capacity 103376K, committed 103512K, reserved 1138688K
  class space    used 12252K, capacity 13375K, committed 13400K, reserved 1048576K
Event: 4754.147 GC heap after
Heap after GC invocations=41 (full 4):
 PSYoungGen      total 416768K, used 50178K [0x00000000e0000000, 0x00000000ff700000, 0x0000000100000000)
  eden space 316928K, 0% used [0x00000000e0000000,0x00000000e0000000,0x00000000f3580000)
  from space 99840K, 50% used [0x00000000f3580000,0x00000000f6680910,0x00000000f9700000)
  to   space 95744K, 0% used [0x00000000f9980000,0x00000000f9980000,0x00000000ff700000)
 ParOldGen       total 285184K, used 206692K [0x00000000a0000000, 0x00000000b1680000, 0x00000000e0000000)
  object space 285184K, 72% used [0x00000000a0000000,0x00000000ac9d9170,0x00000000b1680000)
 Metaspace       used 96988K, capacity 103376K, committed 103512K, reserved 1138688K
  class space    used 12252K, capacity 13375K, committed 13400K, reserved 1048576K
}
Event: 4767.319 GC heap before
{Heap before GC invocations=42 (full 4):
 PSYoungGen      total 416768K, used 367106K [0x00000000e0000000, 0x00000000ff700000, 0x0000000100000000)
  eden space 316928K, 100% used [0x00000000e0000000,0x00000000f3580000,0x00000000f3580000)
  from space 99840K, 50% used [0x00000000f3580000,0x00000000f6680910,0x00000000f9700000)
  to   space 95744K, 0% used [0x00000000f9980000,0x00000000f9980000,0x00000000ff700000)
 ParOldGen       total 285184K, used 206692K [0x00000000a0000000, 0x00000000b1680000, 0x00000000e0000000)
  object space 285184K, 72% used [0x00000000a0000000,0x00000000ac9d9170,0x00000000b1680000)
 Metaspace       used 97039K, capacity 103394K, committed 103512K, reserved 1138688K
  class space    used 12253K, capacity 13378K, committed 13400K, reserved 1048576K
Event: 4767.820 GC heap after
Heap after GC invocations=42 (full 4):
 PSYoungGen      total 389632K, used 95719K [0x00000000e0000000, 0x0000000100000000, 0x0000000100000000)
  eden space 293888K, 0% used [0x00000000e0000000,0x00000000e0000000,0x00000000f1f00000)
  from space 95744K, 99% used [0x00000000f9980000,0x00000000ff6f9fb0,0x00000000ff700000)
  to   space 115200K, 0% used [0x00000000f1f00000,0x00000000f1f00000,0x00000000f8f80000)
 ParOldGen       total 285184K, used 227704K [0x00000000a0000000, 0x00000000b1680000, 0x00000000e0000000)
  object space 285184K, 79% used [0x00000000a0000000,0x00000000ade5e338,0x00000000b1680000)
 Metaspace       used 97039K, capacity 103394K, committed 103512K, reserved 1138688K
  class space    used 12253K, capacity 13378K, committed 13400K, reserved 1048576K
}
Event: 5314.488 GC heap before
{Heap before GC invocations=43 (full 4):
 PSYoungGen      total 389632K, used 389607K [0x00000000e0000000, 0x0000000100000000, 0x0000000100000000)
  eden space 293888K, 100% used [0x00000000e0000000,0x00000000f1f00000,0x00000000f1f00000)
  from space 95744K, 99% used [0x00000000f9980000,0x00000000ff6f9fb0,0x00000000ff700000)
  to   space 115200K, 0% used [0x00000000f1f00000,0x00000000f1f00000,0x00000000f8f80000)
 ParOldGen       total 285184K, used 227704K [0x00000000a0000000, 0x00000000b1680000, 0x00000000e0000000)
  object space 285184K, 79% used [0x00000000a0000000,0x00000000ade5e338,0x00000000b1680000)
 Metaspace       used 97126K, capacity 103530K, committed 103768K, reserved 1140736K
  class space    used 12254K, capacity 13378K, committed 13400K, reserved 1048576K

Deoptimization events (10 events):
Event: 4167.599 Thread 0x000000002585d000 Uncommon trap: reason=class_check action=maybe_recompile pc=0x0000000004d24520 method=com.google.common.base.Suppliers$NonSerializableMemoizingSupplier.<init>(Lcom/google/common/base/Supplier;)V @ 9
Event: 4167.599 Thread 0x000000002585d000 Uncommon trap: reason=class_check action=maybe_recompile pc=0x0000000004d24520 method=com.google.common.base.Suppliers$NonSerializableMemoizingSupplier.<init>(Lcom/google/common/base/Supplier;)V @ 9
Event: 4167.599 Thread 0x000000002585d000 Uncommon trap: reason=class_check action=maybe_recompile pc=0x0000000004d24520 method=com.google.common.base.Suppliers$NonSerializableMemoizingSupplier.<init>(Lcom/google/common/base/Supplier;)V @ 9
Event: 4167.652 Thread 0x000000002585d000 Uncommon trap: reason=bimorphic action=maybe_recompile pc=0x0000000003bb2f08 method=com.sun.org.apache.xerces.internal.dom.ParentNode.internalRemoveChild(Lorg/w3c/dom/Node;Z)Lorg/w3c/dom/Node; @ 42
Event: 4167.663 Thread 0x000000002585d000 Uncommon trap: reason=unstable_if action=reinterpret pc=0x000000000544e8ec method=com.sun.org.apache.xerces.internal.dom.ParentNode.nodeListItem(I)Lorg/w3c/dom/Node; @ 15
Event: 4311.063 Thread 0x000000002585b800 Uncommon trap: reason=class_check action=maybe_recompile pc=0x00000000044a1bbc method=java.util.ArrayList$ArrayListSpliterator.tryAdvance(Ljava/util/function/Consumer;)Z @ 48
Event: 4311.194 Thread 0x000000002585b800 Uncommon trap: reason=class_check action=maybe_recompile pc=0x0000000003287088 method=com.google.common.collect.Iterables.isEmpty(Ljava/lang/Iterable;)Z @ 18
Event: 5310.989 Thread 0x0000000018a2b800 Uncommon trap: reason=class_check action=maybe_recompile pc=0x0000000002da3714 method=com.google.common.collect.Lists.newArrayList(Ljava/lang/Iterable;)Ljava/util/ArrayList; @ 27
Event: 5311.157 Thread 0x0000000018a2b800 Uncommon trap: reason=speculate_class_check action=maybe_recompile pc=0x00000000037bf600 method=com.sun.org.apache.xerces.internal.dom.ElementImpl.getNodeName()Ljava/lang/String; @ 8
Event: 5311.225 Thread 0x0000000018a2b800 Uncommon trap: reason=bimorphic action=maybe_recompile pc=0x0000000003bb2f08 method=com.sun.org.apache.xerces.internal.dom.ParentNode.internalRemoveChild(Lorg/w3c/dom/Node;Z)Lorg/w3c/dom/Node; @ 42

Classes redefined (0 events):
No events

Internal exceptions (10 events):
Event: 4322.326 Thread 0x0000000018a24800 Exception <a 'sun/nio/fs/WindowsException'> (0x00000000f193f7a8) thrown at [D:\src\AOSP-openjdk-cygwin\jdk8u\hotspot\src\share\vm\prims\jni.cpp, line 710]
Event: 4760.850 Thread 0x0000000018a27000 Exception <a 'sun/nio/fs/WindowsException'> (0x00000000e75ca460) thrown at [D:\src\AOSP-openjdk-cygwin\jdk8u\hotspot\src\share\vm\prims\jni.cpp, line 710]
Event: 4760.850 Thread 0x0000000018a27000 Exception <a 'sun/nio/fs/WindowsException'> (0x00000000e75ca908) thrown at [D:\src\AOSP-openjdk-cygwin\jdk8u\hotspot\src\share\vm\prims\jni.cpp, line 710]
Event: 4763.576 Thread 0x0000000018a25800 Exception <a 'sun/nio/fs/WindowsException'> (0x00000000ec2d4118) thrown at [D:\src\AOSP-openjdk-cygwin\jdk8u\hotspot\src\share\vm\prims\jni.cpp, line 710]
Event: 4763.894 Thread 0x0000000018a25800 Exception <a 'sun/nio/fs/WindowsException'> (0x00000000ec5622a0) thrown at [D:\src\AOSP-openjdk-cygwin\jdk8u\hotspot\src\share\vm\prims\jni.cpp, line 710]
Event: 4763.952 Thread 0x0000000018a25800 Exception <a 'sun/nio/fs/WindowsException'> (0x00000000ec56bdd8) thrown at [D:\src\AOSP-openjdk-cygwin\jdk8u\hotspot\src\share\vm\prims\jni.cpp, line 710]
Event: 4763.985 Thread 0x0000000018a25800 Exception <a 'sun/nio/fs/WindowsException'> (0x00000000ec5fd948) thrown at [D:\src\AOSP-openjdk-cygwin\jdk8u\hotspot\src\share\vm\prims\jni.cpp, line 710]
Event: 4766.380 Thread 0x0000000018a26000 Exception <a 'sun/nio/fs/WindowsException'> (0x00000000ecb63d90) thrown at [D:\src\AOSP-openjdk-cygwin\jdk8u\hotspot\src\share\vm\prims\jni.cpp, line 710]
Event: 4769.644 Thread 0x0000000018a2f000 Exception <a 'sun/nio/fs/WindowsException'> (0x00000000e88a73f0) thrown at [D:\src\AOSP-openjdk-cygwin\jdk8u\hotspot\src\share\vm\prims\jni.cpp, line 710]
Event: 4770.685 Thread 0x000000002585d000 Exception <a 'sun/nio/fs/WindowsException'> (0x00000000e9c97d90) thrown at [D:\src\AOSP-openjdk-cygwin\jdk8u\hotspot\src\share\vm\prims\jni.cpp, line 710]

Events (10 events):
Event: 5311.295 Thread 0x0000000015ce3000 flushing nmethod 0x00000000047faf50
Event: 5311.296 Thread 0x0000000015ce3000 flushing nmethod 0x00000000048fdcd0
Event: 5311.678 Thread 0x0000000015ce6800 flushing nmethod 0x00000000051faf10
Event: 5311.678 Thread 0x0000000015ce6800 flushing nmethod 0x00000000052122d0
Event: 5311.721 Executing VM operation: BulkRevokeBias
Event: 5311.721 Executing VM operation: BulkRevokeBias done
Event: 5311.722 Thread 0x0000000018a2f000 Thread added: 0x0000000018a2f000
Event: 5311.739 Executing VM operation: BulkRevokeBias
Event: 5311.740 Executing VM operation: BulkRevokeBias done
Event: 5314.487 Executing VM operation: ParallelGCFailedAllocation


Dynamic libraries:
0x00007ff764f60000 - 0x00007ff764f91000 	C:\Program Files\Android\Android Studio1\jre\bin\java.exe
0x00007ff881140000 - 0x00007ff881330000 	C:\WINDOWS\SYSTEM32\ntdll.dll
0x00007ff876310000 - 0x00007ff876323000 	C:\Program Files\AVAST Software\Avast\aswhook.dll
0x00007ff87f1f0000 - 0x00007ff87f2a2000 	C:\WINDOWS\System32\KERNEL32.DLL
0x00007ff87ea80000 - 0x00007ff87ed23000 	C:\WINDOWS\System32\KERNELBASE.dll
0x00007ff87fe00000 - 0x00007ff87fea3000 	C:\WINDOWS\System32\ADVAPI32.dll
0x00007ff87f4e0000 - 0x00007ff87f57e000 	C:\WINDOWS\System32\msvcrt.dll
0x00007ff880410000 - 0x00007ff8804a7000 	C:\WINDOWS\System32\sechost.dll
0x00007ff8800d0000 - 0x00007ff8801f0000 	C:\WINDOWS\System32\RPCRT4.dll
0x00007ff8804b0000 - 0x00007ff880644000 	C:\WINDOWS\System32\USER32.dll
0x00007ff87e8b0000 - 0x00007ff87e8d1000 	C:\WINDOWS\System32\win32u.dll
0x00007ff880b70000 - 0x00007ff880b96000 	C:\WINDOWS\System32\GDI32.dll
0x00007ff87e8e0000 - 0x00007ff87ea74000 	C:\WINDOWS\System32\gdi32full.dll
0x00007ff87ef00000 - 0x00007ff87ef9e000 	C:\WINDOWS\System32\msvcp_win.dll
0x00007ff87efa0000 - 0x00007ff87f09a000 	C:\WINDOWS\System32\ucrtbase.dll
0x00007ff870400000 - 0x00007ff870685000 	C:\WINDOWS\WinSxS\amd64_microsoft.windows.common-controls_6595b64144ccf1df_6.0.18362.778_none_e6c6b761130d4fb8\COMCTL32.dll
0x00007ff880ba0000 - 0x00007ff880ed6000 	C:\WINDOWS\System32\combase.dll
0x00007ff87f0a0000 - 0x00007ff87f120000 	C:\WINDOWS\System32\bcryptPrimitives.dll
0x00007ff87fdd0000 - 0x00007ff87fdfe000 	C:\WINDOWS\System32\IMM32.DLL
0x00000000778f0000 - 0x00000000779c2000 	C:\Program Files\Android\Android Studio1\jre\jre\bin\msvcr100.dll
0x0000000076d20000 - 0x0000000077566000 	C:\Program Files\Android\Android Studio1\jre\jre\bin\server\jvm.dll
0x00007ff880ee0000 - 0x00007ff880ee8000 	C:\WINDOWS\System32\PSAPI.DLL
0x00007ff874700000 - 0x00007ff874709000 	C:\WINDOWS\SYSTEM32\WSOCK32.dll
0x00007ff880200000 - 0x00007ff88026f000 	C:\WINDOWS\System32\WS2_32.dll
0x00007ff873590000 - 0x00007ff8735b4000 	C:\WINDOWS\SYSTEM32\WINMM.dll
0x00007ff878af0000 - 0x00007ff878afa000 	C:\WINDOWS\SYSTEM32\VERSION.dll
0x00007ff873550000 - 0x00007ff87357d000 	C:\WINDOWS\SYSTEM32\WINMMBASE.dll
0x00007ff87eeb0000 - 0x00007ff87eefa000 	C:\WINDOWS\System32\cfgmgr32.dll
0x00007ff877530000 - 0x00007ff87753f000 	C:\Program Files\Android\Android Studio1\jre\jre\bin\verify.dll
0x00007ff85d2b0000 - 0x00007ff85d2d9000 	C:\Program Files\Android\Android Studio1\jre\jre\bin\java.dll
0x00007ff85d290000 - 0x00007ff85d2a6000 	C:\Program Files\Android\Android Studio1\jre\jre\bin\zip.dll
0x00007ff87f6e0000 - 0x00007ff87fdc5000 	C:\WINDOWS\System32\SHELL32.dll
0x00007ff880ac0000 - 0x00007ff880b69000 	C:\WINDOWS\System32\shcore.dll
0x00007ff87e0d0000 - 0x00007ff87e850000 	C:\WINDOWS\System32\windows.storage.dll
0x00007ff87e050000 - 0x00007ff87e073000 	C:\WINDOWS\System32\profapi.dll
0x00007ff87e080000 - 0x00007ff87e0ca000 	C:\WINDOWS\System32\powrprof.dll
0x00007ff87e000000 - 0x00007ff87e010000 	C:\WINDOWS\System32\UMPDC.dll
0x00007ff87f5f0000 - 0x00007ff87f642000 	C:\WINDOWS\System32\shlwapi.dll
0x00007ff87e030000 - 0x00007ff87e041000 	C:\WINDOWS\System32\kernel.appcore.dll
0x00007ff87f120000 - 0x00007ff87f137000 	C:\WINDOWS\System32\cryptsp.dll
0x00007ff85ca10000 - 0x00007ff85ca2a000 	C:\Program Files\Android\Android Studio1\jre\jre\bin\net.dll
0x00007ff874c50000 - 0x00007ff874e25000 	C:\WINDOWS\SYSTEM32\urlmon.dll
0x00007ff874990000 - 0x00007ff874c36000 	C:\WINDOWS\SYSTEM32\iertutil.dll
0x00007ff87d9e0000 - 0x00007ff87d9ec000 	C:\WINDOWS\SYSTEM32\CRYPTBASE.DLL
0x00007ff87d810000 - 0x00007ff87d877000 	C:\WINDOWS\system32\mswsock.dll
0x00007ff85c9f0000 - 0x00007ff85ca03000 	C:\Program Files\Android\Android Studio1\jre\jre\bin\nio.dll
0x00007ff8512b0000 - 0x00007ff8512d6000 	C:\Users\user\.gradle\native\30\windows-amd64\native-platform.dll
0x00007ff85ff00000 - 0x00007ff85ff0d000 	C:\Program Files\Android\Android Studio1\jre\jre\bin\management.dll
0x00007ff87d380000 - 0x00007ff87d3b3000 	C:\WINDOWS\system32\rsaenh.dll
0x00007ff87ed30000 - 0x00007ff87ed56000 	C:\WINDOWS\System32\bcrypt.dll
0x00007ff87df20000 - 0x00007ff87df45000 	C:\WINDOWS\SYSTEM32\USERENV.dll
0x00007ff87d520000 - 0x00007ff87d55a000 	C:\WINDOWS\SYSTEM32\IPHLPAPI.DLL
0x00007ff8801f0000 - 0x00007ff8801f8000 	C:\WINDOWS\System32\NSI.dll
0x00007ff8773c0000 - 0x00007ff8773d6000 	C:\WINDOWS\SYSTEM32\dhcpcsvc6.DLL
0x00007ff876b60000 - 0x00007ff876b7c000 	C:\WINDOWS\SYSTEM32\dhcpcsvc.DLL
0x00007ff87d560000 - 0x00007ff87d62a000 	C:\WINDOWS\SYSTEM32\DNSAPI.dll
0x00007ff82ba30000 - 0x00007ff82bbcc000 	C:\Program Files\Android\Android Studio1\jre\jre\bin\awt.dll
0x00007ff87feb0000 - 0x00007ff87ff74000 	C:\WINDOWS\System32\OLEAUT32.dll
0x00007ff87bb30000 - 0x00007ff87bb5d000 	C:\WINDOWS\SYSTEM32\dwmapi.dll
0x00007ff87bde0000 - 0x00007ff87c3a0000 	C:\WINDOWS\SYSTEM32\d2d1.dll
0x00007ff87b470000 - 0x00007ff87b4ff000 	C:\WINDOWS\SYSTEM32\apphelp.dll
0x00007ff87b540000 - 0x00007ff87b5d9000 	C:\WINDOWS\system32\uxtheme.dll
0x00007ff87c790000 - 0x00007ff87c984000 	C:\WINDOWS\SYSTEM32\dbghelp.dll

VM Arguments:
jvm_args: -Xmx1536m -Dfile.encoding=windows-1252 -Duser.country=US -Duser.language=en -Duser.variant 
java_command: org.gradle.launcher.daemon.bootstrap.GradleDaemon 5.6.4
java_class_path (initial): C:\Users\user\.gradle\wrapper\dists\gradle-5.6.4-all\ankdp27end7byghfw1q2sw75f\gradle-5.6.4\lib\gradle-launcher-5.6.4.jar
Launcher Type: SUN_STANDARD

Environment Variables:
PATH=C:\Rtools\bin;C:\Program Files (x86)\Common Files\Oracle\Java\javapath;C:\ProgramData\Anaconda3;C:\ProgramData\Anaconda3\Library\mingw-w64\bin;C:\ProgramData\Anaconda3\Library\usr\bin;C:\ProgramData\Anaconda3\Library\bin;C:\ProgramData\Anaconda3\Scripts;C:\oraclexe\app\oracle\product\11.2.0\server\bin;C:\WINDOWS\system32;C:\WINDOWS;C:\WINDOWS\System32\Wbem;C:\WINDOWS\System32\WindowsPowerShell\v1.0\;C:\Program Files (x86)\Git\cmd;C:\WINDOWS\System32\OpenSSH\;C:\Program Files\dotnet\;C:\Program Files\Microsoft SQL Server\130\Tools\Binn\;C:\Program Files\Microsoft SQL Server\Client SDK\ODBC\170\Tools\Binn\;C:\Program Files (x86)\Brackets\command;C:\Users\user\AppData\Local\Programs\Python\Python38\Scripts\;C:\Users\user\AppData\Local\Programs\Python\Python38\;C:\Users\user\AppData\Local\Microsoft\WindowsApps;C:\php-7.4.2-Win32-vc15-x64;C:\Users\user\AppData\Local\atom\bin;C:\Users\user\AppData\Roaming\TinyTeX\bin\win32;C:\php;
USERNAME=user
OS=Windows_NT
PROCESSOR_IDENTIFIER=Intel64 Family 6 Model 58 Stepping 9, GenuineIntel



---------------  S Y S T E M  ---------------

OS: Windows 10.0 , 64 bit Build 18362 (10.0.18362.778)

CPU:total 4 (initial active 4) (2 cores per cpu, 2 threads per core) family 6 model 58 stepping 9, cmov, cx8, fxsr, mmx, sse, sse2, sse3, ssse3, sse4.1, sse4.2, popcnt, avx, aes, clmul, erms, ht, tsc, tscinvbit, tscinv

Memory: 4k page, physical 8202600k(192628k free), swap 20277620k(5924392k free)

vm_info: OpenJDK 64-Bit Server VM (25.212-b04) for windows-amd64 JRE (1.8.0_212-release-1586-b04), built by "builder" with MS VC++ 10.0 (VS2010)

time: Wed Apr 22 12:33:13 2020
timezone: Pacific Daylight Time
elapsed time: 5314 seconds (0d 1h 28m 34s)

